{"C:\\Users\\Pravir\\Code for Team\\Code_for_Team\\multerconfig.js": {"path":"C:\\Users\\Pravir\\Code for Team\\Code_for_Team\\multerconfig.js","statementMap":{"0":{"start":{"line":4,"column":16},"end":{"line":4,"column":38}},"1":{"start":{"line":5,"column":15},"end":{"line":5,"column":43}},"2":{"start":{"line":7,"column":26},"end":{"line":7,"column":47}}},"fnMap":{},"branchMap":{},"s":{"0":1,"1":1,"2":1},"f":{},"b":{},"_coverageSchema":"1a1c01bbd47fc00a2c39e90264f33305004495a9","hash":"84cc6d1e4423ab93da239c35cdef52053bf07a71"}
,"C:\\Users\\Pravir\\Code for Team\\Code_for_Team\\tokenmiddleware.js": {"path":"C:\\Users\\Pravir\\Code for Team\\Code_for_Team\\tokenmiddleware.js","statementMap":{"0":{"start":{"line":5,"column":21},"end":{"line":5,"column":49}},"1":{"start":{"line":6,"column":16},"end":{"line":6,"column":54}},"2":{"start":{"line":8,"column":2},"end":{"line":11,"column":3}},"3":{"start":{"line":9,"column":4},"end":{"line":9,"column":37}},"4":{"start":{"line":10,"column":4},"end":{"line":10,"column":81}},"5":{"start":{"line":14,"column":2},"end":{"line":22,"column":5}},"6":{"start":{"line":15,"column":4},"end":{"line":18,"column":5}},"7":{"start":{"line":16,"column":6},"end":{"line":16,"column":61}},"8":{"start":{"line":17,"column":6},"end":{"line":17,"column":31}},"9":{"start":{"line":20,"column":4},"end":{"line":20,"column":20}},"10":{"start":{"line":21,"column":4},"end":{"line":21,"column":11}}},"fnMap":{"0":{"name":"authenticateToken","decl":{"start":{"line":4,"column":16},"end":{"line":4,"column":33}},"loc":{"start":{"line":4,"column":50},"end":{"line":23,"column":1}},"line":4},"1":{"name":"(anonymous_1)","decl":{"start":{"line":14,"column":44},"end":{"line":14,"column":45}},"loc":{"start":{"line":14,"column":59},"end":{"line":22,"column":3}},"line":14}},"branchMap":{"0":{"loc":{"start":{"line":6,"column":16},"end":{"line":6,"column":54}},"type":"binary-expr","locations":[{"start":{"line":6,"column":16},"end":{"line":6,"column":26}},{"start":{"line":6,"column":30},"end":{"line":6,"column":54}}],"line":6},"1":{"loc":{"start":{"line":8,"column":2},"end":{"line":11,"column":3}},"type":"if","locations":[{"start":{"line":8,"column":2},"end":{"line":11,"column":3}},{"start":{},"end":{}}],"line":8},"2":{"loc":{"start":{"line":15,"column":4},"end":{"line":18,"column":5}},"type":"if","locations":[{"start":{"line":15,"column":4},"end":{"line":18,"column":5}},{"start":{},"end":{}}],"line":15}},"s":{"0":0,"1":0,"2":0,"3":0,"4":0,"5":0,"6":0,"7":0,"8":0,"9":0,"10":0},"f":{"0":0,"1":0},"b":{"0":[0,0],"1":[0,0],"2":[0,0]},"_coverageSchema":"1a1c01bbd47fc00a2c39e90264f33305004495a9","hash":"3c6cc4fb3d1a2b6dadf4242d3891264943e26a42"}
,"C:\\Users\\Pravir\\Code for Team\\Code_for_Team\\Authentication\\RouteA.js": {"path":"C:\\Users\\Pravir\\Code for Team\\Code_for_Team\\Authentication\\RouteA.js","statementMap":{"0":{"start":{"line":6,"column":15},"end":{"line":6,"column":31}},"1":{"start":{"line":9,"column":0},"end":{"line":12,"column":2}},"2":{"start":{"line":13,"column":0},"end":{"line":32,"column":2}},"3":{"start":{"line":17,"column":4},"end":{"line":30,"column":5}},"4":{"start":{"line":18,"column":20},"end":{"line":18,"column":34}},"5":{"start":{"line":19,"column":21},"end":{"line":19,"column":38}},"6":{"start":{"line":20,"column":18},"end":{"line":20,"column":31}},"7":{"start":{"line":21,"column":6},"end":{"line":26,"column":7}},"8":{"start":{"line":22,"column":6},"end":{"line":22,"column":82}},"9":{"start":{"line":25,"column":8},"end":{"line":25,"column":97}},"10":{"start":{"line":28,"column":6},"end":{"line":28,"column":66}},"11":{"start":{"line":29,"column":6},"end":{"line":29,"column":24}},"12":{"start":{"line":35,"column":0},"end":{"line":42,"column":3}},"13":{"start":{"line":36,"column":2},"end":{"line":41,"column":5}},"14":{"start":{"line":37,"column":4},"end":{"line":39,"column":5}},"15":{"start":{"line":38,"column":6},"end":{"line":38,"column":42}},"16":{"start":{"line":40,"column":4},"end":{"line":40,"column":22}}},"fnMap":{"0":{"name":"(anonymous_0)","decl":{"start":{"line":16,"column":2},"end":{"line":16,"column":3}},"loc":{"start":{"line":16,"column":28},"end":{"line":31,"column":3}},"line":16},"1":{"name":"(anonymous_1)","decl":{"start":{"line":35,"column":22},"end":{"line":35,"column":23}},"loc":{"start":{"line":35,"column":42},"end":{"line":42,"column":1}},"line":35},"2":{"name":"(anonymous_2)","decl":{"start":{"line":36,"column":13},"end":{"line":36,"column":14}},"loc":{"start":{"line":36,"column":22},"end":{"line":41,"column":3}},"line":36}},"branchMap":{"0":{"loc":{"start":{"line":21,"column":6},"end":{"line":26,"column":7}},"type":"if","locations":[{"start":{"line":21,"column":6},"end":{"line":26,"column":7}},{"start":{"line":24,"column":10},"end":{"line":26,"column":7}}],"line":21},"1":{"loc":{"start":{"line":37,"column":4},"end":{"line":39,"column":5}},"type":"if","locations":[{"start":{"line":37,"column":4},"end":{"line":39,"column":5}},{"start":{},"end":{}}],"line":37}},"s":{"0":1,"1":1,"2":1,"3":0,"4":0,"5":0,"6":0,"7":0,"8":0,"9":0,"10":0,"11":0,"12":1,"13":0,"14":0,"15":0,"16":0},"f":{"0":0,"1":0,"2":0},"b":{"0":[0,0],"1":[0,0]},"_coverageSchema":"1a1c01bbd47fc00a2c39e90264f33305004495a9","hash":"a83713cf48495108b6d65f98a0463a2759abad31"}
,"C:\\Users\\Pravir\\Code for Team\\Code_for_Team\\Authentication\\passport.js": {"path":"C:\\Users\\Pravir\\Code for Team\\Code_for_Team\\Authentication\\passport.js","statementMap":{"0":{"start":{"line":7,"column":0},"end":{"line":7,"column":16}},"1":{"start":{"line":9,"column":0},"end":{"line":48,"column":2}},"2":{"start":{"line":18,"column":6},"end":{"line":45,"column":7}},"3":{"start":{"line":19,"column":19},"end":{"line":19,"column":69}},"4":{"start":{"line":21,"column":8},"end":{"line":32,"column":9}},"5":{"start":{"line":23,"column":10},"end":{"line":30,"column":13}},"6":{"start":{"line":31,"column":10},"end":{"line":31,"column":28}},"7":{"start":{"line":35,"column":22},"end":{"line":39,"column":9}},"8":{"start":{"line":41,"column":8},"end":{"line":41,"column":59}},"9":{"start":{"line":43,"column":8},"end":{"line":43,"column":59}},"10":{"start":{"line":44,"column":8},"end":{"line":44,"column":33}},"11":{"start":{"line":51,"column":0},"end":{"line":53,"column":3}},"12":{"start":{"line":52,"column":2},"end":{"line":52,"column":54}},"13":{"start":{"line":55,"column":0},"end":{"line":62,"column":3}},"14":{"start":{"line":56,"column":2},"end":{"line":61,"column":3}},"15":{"start":{"line":57,"column":17},"end":{"line":57,"column":45}},"16":{"start":{"line":58,"column":4},"end":{"line":58,"column":44}},"17":{"start":{"line":60,"column":4},"end":{"line":60,"column":22}}},"fnMap":{"0":{"name":"(anonymous_0)","decl":{"start":{"line":17,"column":4},"end":{"line":17,"column":5}},"loc":{"start":{"line":17,"column":56},"end":{"line":46,"column":5}},"line":17},"1":{"name":"(anonymous_1)","decl":{"start":{"line":51,"column":23},"end":{"line":51,"column":24}},"loc":{"start":{"line":51,"column":39},"end":{"line":53,"column":1}},"line":51},"2":{"name":"(anonymous_2)","decl":{"start":{"line":55,"column":25},"end":{"line":55,"column":26}},"loc":{"start":{"line":55,"column":47},"end":{"line":62,"column":1}},"line":55}},"branchMap":{"0":{"loc":{"start":{"line":21,"column":8},"end":{"line":32,"column":9}},"type":"if","locations":[{"start":{"line":21,"column":8},"end":{"line":32,"column":9}},{"start":{},"end":{}}],"line":21}},"s":{"0":1,"1":1,"2":0,"3":0,"4":0,"5":0,"6":0,"7":0,"8":0,"9":0,"10":0,"11":1,"12":0,"13":1,"14":0,"15":0,"16":0,"17":0},"f":{"0":0,"1":0,"2":0},"b":{"0":[0,0]},"_coverageSchema":"1a1c01bbd47fc00a2c39e90264f33305004495a9","hash":"b52206dde1ea5c7a16ebb8feee1d8064249ff81c"}
,"C:\\Users\\Pravir\\Code for Team\\Code_for_Team\\Controllers\\Booking_Controller\\BookingC.js": {"path":"C:\\Users\\Pravir\\Code for Team\\Code_for_Team\\Controllers\\Booking_Controller\\BookingC.js","statementMap":{"0":{"start":{"line":5,"column":29},"end":{"line":29,"column":1}},"1":{"start":{"line":6,"column":2},"end":{"line":28,"column":3}},"2":{"start":{"line":7,"column":23},"end":{"line":7,"column":43}},"3":{"start":{"line":8,"column":25},"end":{"line":8,"column":48}},"4":{"start":{"line":11,"column":32},"end":{"line":14,"column":4}},"5":{"start":{"line":15,"column":2},"end":{"line":15,"column":35}},"6":{"start":{"line":18,"column":30},"end":{"line":21,"column":4}},"7":{"start":{"line":22,"column":2},"end":{"line":22,"column":33}},"8":{"start":{"line":25,"column":4},"end":{"line":25,"column":24}},"9":{"start":{"line":27,"column":4},"end":{"line":27,"column":64}},"10":{"start":{"line":32,"column":30},"end":{"line":39,"column":1}},"11":{"start":{"line":33,"column":2},"end":{"line":38,"column":3}},"12":{"start":{"line":34,"column":21},"end":{"line":34,"column":67}},"13":{"start":{"line":35,"column":4},"end":{"line":35,"column":20}},"14":{"start":{"line":37,"column":4},"end":{"line":37,"column":65}},"15":{"start":{"line":42,"column":30},"end":{"line":52,"column":1}},"16":{"start":{"line":43,"column":2},"end":{"line":51,"column":3}},"17":{"start":{"line":44,"column":20},"end":{"line":44,"column":86}},"18":{"start":{"line":45,"column":4},"end":{"line":47,"column":5}},"19":{"start":{"line":46,"column":6},"end":{"line":46,"column":43}},"20":{"start":{"line":48,"column":4},"end":{"line":48,"column":19}},"21":{"start":{"line":50,"column":4},"end":{"line":50,"column":64}},"22":{"start":{"line":55,"column":29},"end":{"line":73,"column":1}},"23":{"start":{"line":56,"column":2},"end":{"line":72,"column":3}},"24":{"start":{"line":57,"column":20},"end":{"line":57,"column":46}},"25":{"start":{"line":58,"column":4},"end":{"line":60,"column":5}},"26":{"start":{"line":59,"column":6},"end":{"line":59,"column":43}},"27":{"start":{"line":63,"column":4},"end":{"line":65,"column":7}},"28":{"start":{"line":64,"column":6},"end":{"line":64,"column":34}},"29":{"start":{"line":68,"column":27},"end":{"line":68,"column":47}},"30":{"start":{"line":69,"column":4},"end":{"line":69,"column":26}},"31":{"start":{"line":71,"column":4},"end":{"line":71,"column":64}},"32":{"start":{"line":76,"column":29},"end":{"line":108,"column":1}},"33":{"start":{"line":77,"column":2},"end":{"line":107,"column":3}},"34":{"start":{"line":78,"column":20},"end":{"line":78,"column":46}},"35":{"start":{"line":79,"column":4},"end":{"line":81,"column":5}},"36":{"start":{"line":80,"column":6},"end":{"line":80,"column":43}},"37":{"start":{"line":84,"column":4},"end":{"line":84,"column":33}},"38":{"start":{"line":85,"column":4},"end":{"line":85,"column":40}},"39":{"start":{"line":88,"column":29},"end":{"line":88,"column":49}},"40":{"start":{"line":91,"column":44},"end":{"line":94,"column":4}},"41":{"start":{"line":95,"column":2},"end":{"line":95,"column":47}},"42":{"start":{"line":98,"column":42},"end":{"line":101,"column":4}},"43":{"start":{"line":102,"column":2},"end":{"line":102,"column":45}},"44":{"start":{"line":104,"column":4},"end":{"line":104,"column":28}},"45":{"start":{"line":106,"column":4},"end":{"line":106,"column":66}},"46":{"start":{"line":111,"column":33},"end":{"line":121,"column":1}},"47":{"start":{"line":112,"column":2},"end":{"line":120,"column":3}},"48":{"start":{"line":113,"column":19},"end":{"line":113,"column":54}},"49":{"start":{"line":114,"column":4},"end":{"line":116,"column":5}},"50":{"start":{"line":115,"column":6},"end":{"line":115,"column":43}},"51":{"start":{"line":117,"column":4},"end":{"line":117,"column":18}},"52":{"start":{"line":119,"column":4},"end":{"line":119,"column":64}}},"fnMap":{"0":{"name":"(anonymous_0)","decl":{"start":{"line":5,"column":29},"end":{"line":5,"column":30}},"loc":{"start":{"line":5,"column":48},"end":{"line":29,"column":1}},"line":5},"1":{"name":"(anonymous_1)","decl":{"start":{"line":32,"column":30},"end":{"line":32,"column":31}},"loc":{"start":{"line":32,"column":42},"end":{"line":39,"column":1}},"line":32},"2":{"name":"(anonymous_2)","decl":{"start":{"line":42,"column":30},"end":{"line":42,"column":31}},"loc":{"start":{"line":42,"column":44},"end":{"line":52,"column":1}},"line":42},"3":{"name":"(anonymous_3)","decl":{"start":{"line":55,"column":29},"end":{"line":55,"column":30}},"loc":{"start":{"line":55,"column":52},"end":{"line":73,"column":1}},"line":55},"4":{"name":"(anonymous_4)","decl":{"start":{"line":63,"column":33},"end":{"line":63,"column":34}},"loc":{"start":{"line":63,"column":42},"end":{"line":65,"column":5}},"line":63},"5":{"name":"(anonymous_5)","decl":{"start":{"line":76,"column":29},"end":{"line":76,"column":30}},"loc":{"start":{"line":76,"column":51},"end":{"line":108,"column":1}},"line":76},"6":{"name":"(anonymous_6)","decl":{"start":{"line":111,"column":33},"end":{"line":111,"column":34}},"loc":{"start":{"line":111,"column":47},"end":{"line":121,"column":1}},"line":111}},"branchMap":{"0":{"loc":{"start":{"line":45,"column":4},"end":{"line":47,"column":5}},"type":"if","locations":[{"start":{"line":45,"column":4},"end":{"line":47,"column":5}},{"start":{},"end":{}}],"line":45},"1":{"loc":{"start":{"line":58,"column":4},"end":{"line":60,"column":5}},"type":"if","locations":[{"start":{"line":58,"column":4},"end":{"line":60,"column":5}},{"start":{},"end":{}}],"line":58},"2":{"loc":{"start":{"line":79,"column":4},"end":{"line":81,"column":5}},"type":"if","locations":[{"start":{"line":79,"column":4},"end":{"line":81,"column":5}},{"start":{},"end":{}}],"line":79},"3":{"loc":{"start":{"line":114,"column":4},"end":{"line":116,"column":5}},"type":"if","locations":[{"start":{"line":114,"column":4},"end":{"line":116,"column":5}},{"start":{},"end":{}}],"line":114}},"s":{"0":1,"1":2,"2":2,"3":2,"4":2,"5":2,"6":2,"7":2,"8":2,"9":0,"10":1,"11":1,"12":1,"13":1,"14":0,"15":1,"16":1,"17":1,"18":1,"19":0,"20":1,"21":0,"22":1,"23":1,"24":1,"25":1,"26":0,"27":1,"28":2,"29":1,"30":1,"31":0,"32":1,"33":0,"34":0,"35":0,"36":0,"37":0,"38":0,"39":0,"40":0,"41":0,"42":0,"43":0,"44":0,"45":0,"46":1,"47":1,"48":1,"49":1,"50":0,"51":1,"52":0},"f":{"0":2,"1":1,"2":1,"3":1,"4":2,"5":0,"6":1},"b":{"0":[0,1],"1":[0,1],"2":[0,0],"3":[0,1]},"_coverageSchema":"1a1c01bbd47fc00a2c39e90264f33305004495a9","hash":"2ac6e15b4a2582008e9430301f06f5592c409ba2"}
,"C:\\Users\\Pravir\\Code for Team\\Code_for_Team\\Controllers\\Notification_Controller\\NotificationC.js": {"path":"C:\\Users\\Pravir\\Code for Team\\Code_for_Team\\Controllers\\Notification_Controller\\NotificationC.js","statementMap":{"0":{"start":{"line":4,"column":34},"end":{"line":12,"column":1}},"1":{"start":{"line":5,"column":2},"end":{"line":11,"column":3}},"2":{"start":{"line":6,"column":28},"end":{"line":6,"column":53}},"3":{"start":{"line":7,"column":30},"end":{"line":7,"column":58}},"4":{"start":{"line":8,"column":4},"end":{"line":8,"column":29}},"5":{"start":{"line":10,"column":4},"end":{"line":10,"column":69}},"6":{"start":{"line":15,"column":35},"end":{"line":23,"column":1}},"7":{"start":{"line":16,"column":2},"end":{"line":22,"column":3}},"8":{"start":{"line":18,"column":26},"end":{"line":18,"column":84}},"9":{"start":{"line":19,"column":4},"end":{"line":19,"column":25}},"10":{"start":{"line":21,"column":4},"end":{"line":21,"column":70}},"11":{"start":{"line":26,"column":35},"end":{"line":36,"column":1}},"12":{"start":{"line":27,"column":2},"end":{"line":35,"column":3}},"13":{"start":{"line":28,"column":25},"end":{"line":28,"column":73}},"14":{"start":{"line":29,"column":4},"end":{"line":31,"column":5}},"15":{"start":{"line":30,"column":6},"end":{"line":30,"column":48}},"16":{"start":{"line":32,"column":4},"end":{"line":32,"column":24}},"17":{"start":{"line":34,"column":4},"end":{"line":34,"column":69}},"18":{"start":{"line":39,"column":38},"end":{"line":51,"column":1}},"19":{"start":{"line":40,"column":2},"end":{"line":50,"column":3}},"20":{"start":{"line":41,"column":25},"end":{"line":41,"column":56}},"21":{"start":{"line":42,"column":4},"end":{"line":44,"column":5}},"22":{"start":{"line":43,"column":6},"end":{"line":43,"column":48}},"23":{"start":{"line":45,"column":4},"end":{"line":45,"column":29}},"24":{"start":{"line":46,"column":32},"end":{"line":46,"column":57}},"25":{"start":{"line":47,"column":4},"end":{"line":47,"column":31}},"26":{"start":{"line":49,"column":4},"end":{"line":49,"column":69}},"27":{"start":{"line":54,"column":38},"end":{"line":64,"column":1}},"28":{"start":{"line":55,"column":2},"end":{"line":63,"column":3}},"29":{"start":{"line":56,"column":19},"end":{"line":56,"column":59}},"30":{"start":{"line":57,"column":4},"end":{"line":59,"column":5}},"31":{"start":{"line":58,"column":6},"end":{"line":58,"column":48}},"32":{"start":{"line":60,"column":4},"end":{"line":60,"column":18}},"33":{"start":{"line":62,"column":4},"end":{"line":62,"column":69}}},"fnMap":{"0":{"name":"(anonymous_0)","decl":{"start":{"line":4,"column":34},"end":{"line":4,"column":35}},"loc":{"start":{"line":4,"column":53},"end":{"line":12,"column":1}},"line":4},"1":{"name":"(anonymous_1)","decl":{"start":{"line":15,"column":35},"end":{"line":15,"column":36}},"loc":{"start":{"line":15,"column":53},"end":{"line":23,"column":1}},"line":15},"2":{"name":"(anonymous_2)","decl":{"start":{"line":26,"column":35},"end":{"line":26,"column":36}},"loc":{"start":{"line":26,"column":49},"end":{"line":36,"column":1}},"line":26},"3":{"name":"(anonymous_3)","decl":{"start":{"line":39,"column":38},"end":{"line":39,"column":39}},"loc":{"start":{"line":39,"column":52},"end":{"line":51,"column":1}},"line":39},"4":{"name":"(anonymous_4)","decl":{"start":{"line":54,"column":38},"end":{"line":54,"column":39}},"loc":{"start":{"line":54,"column":52},"end":{"line":64,"column":1}},"line":54}},"branchMap":{"0":{"loc":{"start":{"line":29,"column":4},"end":{"line":31,"column":5}},"type":"if","locations":[{"start":{"line":29,"column":4},"end":{"line":31,"column":5}},{"start":{},"end":{}}],"line":29},"1":{"loc":{"start":{"line":42,"column":4},"end":{"line":44,"column":5}},"type":"if","locations":[{"start":{"line":42,"column":4},"end":{"line":44,"column":5}},{"start":{},"end":{}}],"line":42},"2":{"loc":{"start":{"line":57,"column":4},"end":{"line":59,"column":5}},"type":"if","locations":[{"start":{"line":57,"column":4},"end":{"line":59,"column":5}},{"start":{},"end":{}}],"line":57}},"s":{"0":1,"1":0,"2":0,"3":0,"4":0,"5":0,"6":1,"7":0,"8":0,"9":0,"10":0,"11":1,"12":0,"13":0,"14":0,"15":0,"16":0,"17":0,"18":1,"19":0,"20":0,"21":0,"22":0,"23":0,"24":0,"25":0,"26":0,"27":1,"28":0,"29":0,"30":0,"31":0,"32":0,"33":0},"f":{"0":0,"1":0,"2":0,"3":0,"4":0},"b":{"0":[0,0],"1":[0,0],"2":[0,0]},"_coverageSchema":"1a1c01bbd47fc00a2c39e90264f33305004495a9","hash":"290b46bdbc13aba7f2590cff49624891bbeadf64"}
,"C:\\Users\\Pravir\\Code for Team\\Code_for_Team\\Controllers\\Resource_Controller\\ResourceC.js": {"path":"C:\\Users\\Pravir\\Code for Team\\Code_for_Team\\Controllers\\Resource_Controller\\ResourceC.js","statementMap":{"0":{"start":{"line":4,"column":30},"end":{"line":14,"column":1}},"1":{"start":{"line":5,"column":2},"end":{"line":13,"column":3}},"2":{"start":{"line":6,"column":4},"end":{"line":6,"column":60}},"3":{"start":{"line":7,"column":24},"end":{"line":7,"column":45}},"4":{"start":{"line":8,"column":26},"end":{"line":8,"column":50}},"5":{"start":{"line":9,"column":4},"end":{"line":9,"column":25}},"6":{"start":{"line":11,"column":4},"end":{"line":11,"column":53}},"7":{"start":{"line":12,"column":4},"end":{"line":12,"column":65}},"8":{"start":{"line":17,"column":32},"end":{"line":26,"column":1}},"9":{"start":{"line":18,"column":2},"end":{"line":25,"column":3}},"10":{"start":{"line":19,"column":21},"end":{"line":19,"column":32}},"11":{"start":{"line":20,"column":24},"end":{"line":20,"column":67}},"12":{"start":{"line":22,"column":6},"end":{"line":22,"column":23}},"13":{"start":{"line":24,"column":6},"end":{"line":24,"column":85}},"14":{"start":{"line":29,"column":31},"end":{"line":36,"column":1}},"15":{"start":{"line":30,"column":2},"end":{"line":35,"column":3}},"16":{"start":{"line":31,"column":22},"end":{"line":31,"column":43}},"17":{"start":{"line":32,"column":4},"end":{"line":32,"column":21}},"18":{"start":{"line":34,"column":4},"end":{"line":34,"column":66}},"19":{"start":{"line":39,"column":31},"end":{"line":49,"column":1}},"20":{"start":{"line":40,"column":2},"end":{"line":48,"column":3}},"21":{"start":{"line":41,"column":21},"end":{"line":41,"column":48}},"22":{"start":{"line":42,"column":4},"end":{"line":44,"column":5}},"23":{"start":{"line":43,"column":6},"end":{"line":43,"column":44}},"24":{"start":{"line":45,"column":4},"end":{"line":45,"column":20}},"25":{"start":{"line":47,"column":4},"end":{"line":47,"column":65}},"26":{"start":{"line":52,"column":30},"end":{"line":68,"column":1}},"27":{"start":{"line":53,"column":2},"end":{"line":67,"column":3}},"28":{"start":{"line":54,"column":21},"end":{"line":54,"column":48}},"29":{"start":{"line":55,"column":4},"end":{"line":57,"column":5}},"30":{"start":{"line":56,"column":6},"end":{"line":56,"column":44}},"31":{"start":{"line":59,"column":4},"end":{"line":61,"column":7}},"32":{"start":{"line":60,"column":6},"end":{"line":60,"column":35}},"33":{"start":{"line":63,"column":28},"end":{"line":63,"column":49}},"34":{"start":{"line":64,"column":4},"end":{"line":64,"column":27}},"35":{"start":{"line":66,"column":4},"end":{"line":66,"column":65}},"36":{"start":{"line":71,"column":34},"end":{"line":81,"column":1}},"37":{"start":{"line":72,"column":2},"end":{"line":80,"column":3}},"38":{"start":{"line":73,"column":19},"end":{"line":73,"column":55}},"39":{"start":{"line":74,"column":4},"end":{"line":76,"column":5}},"40":{"start":{"line":75,"column":6},"end":{"line":75,"column":44}},"41":{"start":{"line":77,"column":4},"end":{"line":77,"column":18}},"42":{"start":{"line":79,"column":4},"end":{"line":79,"column":65}}},"fnMap":{"0":{"name":"(anonymous_0)","decl":{"start":{"line":4,"column":30},"end":{"line":4,"column":31}},"loc":{"start":{"line":4,"column":49},"end":{"line":14,"column":1}},"line":4},"1":{"name":"(anonymous_1)","decl":{"start":{"line":17,"column":32},"end":{"line":17,"column":33}},"loc":{"start":{"line":17,"column":52},"end":{"line":26,"column":1}},"line":17},"2":{"name":"(anonymous_2)","decl":{"start":{"line":29,"column":31},"end":{"line":29,"column":32}},"loc":{"start":{"line":29,"column":43},"end":{"line":36,"column":1}},"line":29},"3":{"name":"(anonymous_3)","decl":{"start":{"line":39,"column":31},"end":{"line":39,"column":32}},"loc":{"start":{"line":39,"column":45},"end":{"line":49,"column":1}},"line":39},"4":{"name":"(anonymous_4)","decl":{"start":{"line":52,"column":30},"end":{"line":52,"column":31}},"loc":{"start":{"line":52,"column":53},"end":{"line":68,"column":1}},"line":52},"5":{"name":"(anonymous_5)","decl":{"start":{"line":59,"column":33},"end":{"line":59,"column":34}},"loc":{"start":{"line":59,"column":42},"end":{"line":61,"column":5}},"line":59},"6":{"name":"(anonymous_6)","decl":{"start":{"line":71,"column":34},"end":{"line":71,"column":35}},"loc":{"start":{"line":71,"column":48},"end":{"line":81,"column":1}},"line":71}},"branchMap":{"0":{"loc":{"start":{"line":42,"column":4},"end":{"line":44,"column":5}},"type":"if","locations":[{"start":{"line":42,"column":4},"end":{"line":44,"column":5}},{"start":{},"end":{}}],"line":42},"1":{"loc":{"start":{"line":55,"column":4},"end":{"line":57,"column":5}},"type":"if","locations":[{"start":{"line":55,"column":4},"end":{"line":57,"column":5}},{"start":{},"end":{}}],"line":55},"2":{"loc":{"start":{"line":74,"column":4},"end":{"line":76,"column":5}},"type":"if","locations":[{"start":{"line":74,"column":4},"end":{"line":76,"column":5}},{"start":{},"end":{}}],"line":74}},"s":{"0":1,"1":0,"2":0,"3":0,"4":0,"5":0,"6":0,"7":0,"8":1,"9":0,"10":0,"11":0,"12":0,"13":0,"14":1,"15":0,"16":0,"17":0,"18":0,"19":1,"20":0,"21":0,"22":0,"23":0,"24":0,"25":0,"26":1,"27":0,"28":0,"29":0,"30":0,"31":0,"32":0,"33":0,"34":0,"35":0,"36":1,"37":0,"38":0,"39":0,"40":0,"41":0,"42":0},"f":{"0":0,"1":0,"2":0,"3":0,"4":0,"5":0,"6":0},"b":{"0":[0,0],"1":[0,0],"2":[0,0]},"_coverageSchema":"1a1c01bbd47fc00a2c39e90264f33305004495a9","hash":"6eaa3112c20a3819a9663bdee9c6a9986e02d4ea"}
,"C:\\Users\\Pravir\\Code for Team\\Code_for_Team\\Controllers\\Resourcefile_Controller\\ResourcefileC.js": {"path":"C:\\Users\\Pravir\\Code for Team\\Code_for_Team\\Controllers\\Resourcefile_Controller\\ResourcefileC.js","statementMap":{"0":{"start":{"line":5,"column":34},"end":{"line":22,"column":1}},"1":{"start":{"line":6,"column":2},"end":{"line":8,"column":3}},"2":{"start":{"line":7,"column":4},"end":{"line":7,"column":40}},"3":{"start":{"line":10,"column":26},"end":{"line":18,"column":4}},"4":{"start":{"line":21,"column":2},"end":{"line":21,"column":38}},"5":{"start":{"line":24,"column":35},"end":{"line":31,"column":1}},"6":{"start":{"line":25,"column":2},"end":{"line":30,"column":3}},"7":{"start":{"line":26,"column":26},"end":{"line":26,"column":51}},"8":{"start":{"line":27,"column":4},"end":{"line":27,"column":25}},"9":{"start":{"line":29,"column":3},"end":{"line":29,"column":69}},"10":{"start":{"line":33,"column":35},"end":{"line":43,"column":1}},"11":{"start":{"line":34,"column":2},"end":{"line":42,"column":3}},"12":{"start":{"line":35,"column":25},"end":{"line":35,"column":56}},"13":{"start":{"line":36,"column":4},"end":{"line":38,"column":5}},"14":{"start":{"line":37,"column":6},"end":{"line":37,"column":48}},"15":{"start":{"line":39,"column":4},"end":{"line":39,"column":24}},"16":{"start":{"line":41,"column":4},"end":{"line":41,"column":69}},"17":{"start":{"line":45,"column":34},"end":{"line":61,"column":1}},"18":{"start":{"line":46,"column":2},"end":{"line":60,"column":3}},"19":{"start":{"line":47,"column":25},"end":{"line":47,"column":56}},"20":{"start":{"line":48,"column":4},"end":{"line":50,"column":5}},"21":{"start":{"line":49,"column":6},"end":{"line":49,"column":48}},"22":{"start":{"line":52,"column":4},"end":{"line":54,"column":7}},"23":{"start":{"line":53,"column":6},"end":{"line":53,"column":39}},"24":{"start":{"line":56,"column":32},"end":{"line":56,"column":57}},"25":{"start":{"line":57,"column":4},"end":{"line":57,"column":31}},"26":{"start":{"line":59,"column":4},"end":{"line":59,"column":69}},"27":{"start":{"line":63,"column":38},"end":{"line":73,"column":1}},"28":{"start":{"line":64,"column":2},"end":{"line":72,"column":3}},"29":{"start":{"line":65,"column":19},"end":{"line":65,"column":59}},"30":{"start":{"line":66,"column":4},"end":{"line":68,"column":5}},"31":{"start":{"line":67,"column":6},"end":{"line":67,"column":48}},"32":{"start":{"line":69,"column":4},"end":{"line":69,"column":18}},"33":{"start":{"line":71,"column":4},"end":{"line":71,"column":69}}},"fnMap":{"0":{"name":"(anonymous_0)","decl":{"start":{"line":5,"column":34},"end":{"line":5,"column":35}},"loc":{"start":{"line":5,"column":68},"end":{"line":22,"column":1}},"line":5},"1":{"name":"(anonymous_1)","decl":{"start":{"line":24,"column":35},"end":{"line":24,"column":36}},"loc":{"start":{"line":24,"column":47},"end":{"line":31,"column":1}},"line":24},"2":{"name":"(anonymous_2)","decl":{"start":{"line":33,"column":35},"end":{"line":33,"column":36}},"loc":{"start":{"line":33,"column":49},"end":{"line":43,"column":1}},"line":33},"3":{"name":"(anonymous_3)","decl":{"start":{"line":45,"column":34},"end":{"line":45,"column":35}},"loc":{"start":{"line":45,"column":57},"end":{"line":61,"column":1}},"line":45},"4":{"name":"(anonymous_4)","decl":{"start":{"line":52,"column":33},"end":{"line":52,"column":34}},"loc":{"start":{"line":52,"column":42},"end":{"line":54,"column":5}},"line":52},"5":{"name":"(anonymous_5)","decl":{"start":{"line":63,"column":38},"end":{"line":63,"column":39}},"loc":{"start":{"line":63,"column":52},"end":{"line":73,"column":1}},"line":63}},"branchMap":{"0":{"loc":{"start":{"line":6,"column":2},"end":{"line":8,"column":3}},"type":"if","locations":[{"start":{"line":6,"column":2},"end":{"line":8,"column":3}},{"start":{},"end":{}}],"line":6},"1":{"loc":{"start":{"line":17,"column":10},"end":{"line":17,"column":37}},"type":"cond-expr","locations":[{"start":{"line":17,"column":17},"end":{"line":17,"column":32}},{"start":{"line":17,"column":35},"end":{"line":17,"column":37}}],"line":17},"2":{"loc":{"start":{"line":36,"column":4},"end":{"line":38,"column":5}},"type":"if","locations":[{"start":{"line":36,"column":4},"end":{"line":38,"column":5}},{"start":{},"end":{}}],"line":36},"3":{"loc":{"start":{"line":48,"column":4},"end":{"line":50,"column":5}},"type":"if","locations":[{"start":{"line":48,"column":4},"end":{"line":50,"column":5}},{"start":{},"end":{}}],"line":48},"4":{"loc":{"start":{"line":66,"column":4},"end":{"line":68,"column":5}},"type":"if","locations":[{"start":{"line":66,"column":4},"end":{"line":68,"column":5}},{"start":{},"end":{}}],"line":66}},"s":{"0":1,"1":0,"2":0,"3":0,"4":0,"5":1,"6":0,"7":0,"8":0,"9":0,"10":1,"11":0,"12":0,"13":0,"14":0,"15":0,"16":0,"17":1,"18":0,"19":0,"20":0,"21":0,"22":0,"23":0,"24":0,"25":0,"26":0,"27":1,"28":0,"29":0,"30":0,"31":0,"32":0,"33":0},"f":{"0":0,"1":0,"2":0,"3":0,"4":0,"5":0},"b":{"0":[0,0],"1":[0,0],"2":[0,0],"3":[0,0],"4":[0,0]},"_coverageSchema":"1a1c01bbd47fc00a2c39e90264f33305004495a9","hash":"76d37520df88e1c82ecb7294dc3c849c65563814"}
,"C:\\Users\\Pravir\\Code for Team\\Code_for_Team\\Controllers\\User_Controller\\UserC.js": {"path":"C:\\Users\\Pravir\\Code for Team\\Code_for_Team\\Controllers\\User_Controller\\UserC.js","statementMap":{"0":{"start":{"line":6,"column":26},"end":{"line":37,"column":1}},"1":{"start":{"line":7,"column":2},"end":{"line":36,"column":3}},"2":{"start":{"line":9,"column":29},"end":{"line":9,"column":31}},"3":{"start":{"line":10,"column":4},"end":{"line":16,"column":5}},"4":{"start":{"line":11,"column":6},"end":{"line":15,"column":8}},"5":{"start":{"line":19,"column":20},"end":{"line":22,"column":6}},"6":{"start":{"line":24,"column":22},"end":{"line":24,"column":42}},"7":{"start":{"line":26,"column":18},"end":{"line":30,"column":5}},"8":{"start":{"line":33,"column":4},"end":{"line":33,"column":38}},"9":{"start":{"line":35,"column":4},"end":{"line":35,"column":61}},"10":{"start":{"line":39,"column":25},"end":{"line":61,"column":1}},"11":{"start":{"line":40,"column":2},"end":{"line":60,"column":3}},"12":{"start":{"line":41,"column":17},"end":{"line":41,"column":46}},"13":{"start":{"line":42,"column":4},"end":{"line":44,"column":5}},"14":{"start":{"line":43,"column":6},"end":{"line":43,"column":40}},"15":{"start":{"line":46,"column":20},"end":{"line":46,"column":65}},"16":{"start":{"line":47,"column":4},"end":{"line":49,"column":5}},"17":{"start":{"line":48,"column":6},"end":{"line":48,"column":45}},"18":{"start":{"line":51,"column":18},"end":{"line":55,"column":5}},"19":{"start":{"line":57,"column":4},"end":{"line":57,"column":44}},"20":{"start":{"line":59,"column":4},"end":{"line":59,"column":63}},"21":{"start":{"line":64,"column":27},"end":{"line":71,"column":1}},"22":{"start":{"line":65,"column":2},"end":{"line":70,"column":3}},"23":{"start":{"line":66,"column":18},"end":{"line":66,"column":35}},"24":{"start":{"line":67,"column":4},"end":{"line":67,"column":17}},"25":{"start":{"line":69,"column":4},"end":{"line":69,"column":62}},"26":{"start":{"line":74,"column":27},"end":{"line":84,"column":1}},"27":{"start":{"line":75,"column":2},"end":{"line":83,"column":3}},"28":{"start":{"line":76,"column":17},"end":{"line":76,"column":40}},"29":{"start":{"line":77,"column":4},"end":{"line":79,"column":5}},"30":{"start":{"line":78,"column":6},"end":{"line":78,"column":40}},"31":{"start":{"line":80,"column":4},"end":{"line":80,"column":16}},"32":{"start":{"line":82,"column":4},"end":{"line":82,"column":61}},"33":{"start":{"line":87,"column":26},"end":{"line":114,"column":1}},"34":{"start":{"line":88,"column":2},"end":{"line":113,"column":3}},"35":{"start":{"line":89,"column":17},"end":{"line":89,"column":40}},"36":{"start":{"line":90,"column":4},"end":{"line":92,"column":5}},"37":{"start":{"line":91,"column":6},"end":{"line":91,"column":40}},"38":{"start":{"line":95,"column":4},"end":{"line":101,"column":5}},"39":{"start":{"line":96,"column":6},"end":{"line":100,"column":8}},"40":{"start":{"line":104,"column":4},"end":{"line":106,"column":7}},"41":{"start":{"line":105,"column":6},"end":{"line":105,"column":31}},"42":{"start":{"line":109,"column":24},"end":{"line":109,"column":41}},"43":{"start":{"line":110,"column":4},"end":{"line":110,"column":23}},"44":{"start":{"line":112,"column":4},"end":{"line":112,"column":61}},"45":{"start":{"line":118,"column":30},"end":{"line":128,"column":1}},"46":{"start":{"line":119,"column":2},"end":{"line":127,"column":3}},"47":{"start":{"line":120,"column":19},"end":{"line":120,"column":51}},"48":{"start":{"line":121,"column":4},"end":{"line":123,"column":5}},"49":{"start":{"line":122,"column":6},"end":{"line":122,"column":40}},"50":{"start":{"line":124,"column":4},"end":{"line":124,"column":18}},"51":{"start":{"line":126,"column":4},"end":{"line":126,"column":61}}},"fnMap":{"0":{"name":"(anonymous_0)","decl":{"start":{"line":6,"column":26},"end":{"line":6,"column":27}},"loc":{"start":{"line":6,"column":51},"end":{"line":37,"column":1}},"line":6},"1":{"name":"(anonymous_1)","decl":{"start":{"line":39,"column":25},"end":{"line":39,"column":26}},"loc":{"start":{"line":39,"column":52},"end":{"line":61,"column":1}},"line":39},"2":{"name":"(anonymous_2)","decl":{"start":{"line":64,"column":27},"end":{"line":64,"column":28}},"loc":{"start":{"line":64,"column":39},"end":{"line":71,"column":1}},"line":64},"3":{"name":"(anonymous_3)","decl":{"start":{"line":74,"column":27},"end":{"line":74,"column":28}},"loc":{"start":{"line":74,"column":41},"end":{"line":84,"column":1}},"line":74},"4":{"name":"(anonymous_4)","decl":{"start":{"line":87,"column":26},"end":{"line":87,"column":27}},"loc":{"start":{"line":87,"column":55},"end":{"line":114,"column":1}},"line":87},"5":{"name":"(anonymous_5)","decl":{"start":{"line":104,"column":33},"end":{"line":104,"column":34}},"loc":{"start":{"line":104,"column":42},"end":{"line":106,"column":5}},"line":104},"6":{"name":"(anonymous_6)","decl":{"start":{"line":118,"column":30},"end":{"line":118,"column":31}},"loc":{"start":{"line":118,"column":44},"end":{"line":128,"column":1}},"line":118}},"branchMap":{"0":{"loc":{"start":{"line":10,"column":4},"end":{"line":16,"column":5}},"type":"if","locations":[{"start":{"line":10,"column":4},"end":{"line":16,"column":5}},{"start":{},"end":{}}],"line":10},"1":{"loc":{"start":{"line":42,"column":4},"end":{"line":44,"column":5}},"type":"if","locations":[{"start":{"line":42,"column":4},"end":{"line":44,"column":5}},{"start":{},"end":{}}],"line":42},"2":{"loc":{"start":{"line":47,"column":4},"end":{"line":49,"column":5}},"type":"if","locations":[{"start":{"line":47,"column":4},"end":{"line":49,"column":5}},{"start":{},"end":{}}],"line":47},"3":{"loc":{"start":{"line":77,"column":4},"end":{"line":79,"column":5}},"type":"if","locations":[{"start":{"line":77,"column":4},"end":{"line":79,"column":5}},{"start":{},"end":{}}],"line":77},"4":{"loc":{"start":{"line":90,"column":4},"end":{"line":92,"column":5}},"type":"if","locations":[{"start":{"line":90,"column":4},"end":{"line":92,"column":5}},{"start":{},"end":{}}],"line":90},"5":{"loc":{"start":{"line":95,"column":4},"end":{"line":101,"column":5}},"type":"if","locations":[{"start":{"line":95,"column":4},"end":{"line":101,"column":5}},{"start":{},"end":{}}],"line":95},"6":{"loc":{"start":{"line":121,"column":4},"end":{"line":123,"column":5}},"type":"if","locations":[{"start":{"line":121,"column":4},"end":{"line":123,"column":5}},{"start":{},"end":{}}],"line":121}},"s":{"0":1,"1":1,"2":1,"3":1,"4":0,"5":1,"6":1,"7":1,"8":1,"9":0,"10":1,"11":1,"12":1,"13":1,"14":1,"15":0,"16":0,"17":0,"18":0,"19":0,"20":1,"21":1,"22":1,"23":1,"24":1,"25":0,"26":1,"27":2,"28":2,"29":2,"30":1,"31":1,"32":1,"33":1,"34":1,"35":1,"36":1,"37":0,"38":1,"39":0,"40":1,"41":1,"42":1,"43":1,"44":0,"45":1,"46":1,"47":1,"48":1,"49":0,"50":1,"51":0},"f":{"0":1,"1":1,"2":1,"3":2,"4":1,"5":1,"6":1},"b":{"0":[0,1],"1":[1,0],"2":[0,0],"3":[1,1],"4":[0,1],"5":[0,1],"6":[0,1]},"_coverageSchema":"1a1c01bbd47fc00a2c39e90264f33305004495a9","hash":"0b2f0c9c5238cc6d6c02ae97bb6c4a9d04463af6"}
,"C:\\Users\\Pravir\\Code for Team\\Code_for_Team\\Controllers\\VirtualTutoring_Controller\\VirtualTutoringC.js": {"path":"C:\\Users\\Pravir\\Code for Team\\Code_for_Team\\Controllers\\VirtualTutoring_Controller\\VirtualTutoringC.js","statementMap":{"0":{"start":{"line":4,"column":29},"end":{"line":12,"column":1}},"1":{"start":{"line":5,"column":2},"end":{"line":11,"column":3}},"2":{"start":{"line":6,"column":23},"end":{"line":6,"column":51}},"3":{"start":{"line":7,"column":25},"end":{"line":7,"column":48}},"4":{"start":{"line":8,"column":4},"end":{"line":8,"column":24}},"5":{"start":{"line":10,"column":4},"end":{"line":10,"column":64}},"6":{"start":{"line":15,"column":30},"end":{"line":24,"column":1}},"7":{"start":{"line":16,"column":2},"end":{"line":23,"column":3}},"8":{"start":{"line":17,"column":21},"end":{"line":19,"column":37}},"9":{"start":{"line":20,"column":4},"end":{"line":20,"column":20}},"10":{"start":{"line":22,"column":4},"end":{"line":22,"column":65}},"11":{"start":{"line":27,"column":30},"end":{"line":39,"column":1}},"12":{"start":{"line":28,"column":2},"end":{"line":38,"column":3}},"13":{"start":{"line":29,"column":20},"end":{"line":31,"column":37}},"14":{"start":{"line":32,"column":4},"end":{"line":34,"column":5}},"15":{"start":{"line":33,"column":6},"end":{"line":33,"column":43}},"16":{"start":{"line":35,"column":4},"end":{"line":35,"column":19}},"17":{"start":{"line":37,"column":4},"end":{"line":37,"column":64}},"18":{"start":{"line":42,"column":29},"end":{"line":58,"column":1}},"19":{"start":{"line":43,"column":2},"end":{"line":57,"column":3}},"20":{"start":{"line":44,"column":20},"end":{"line":44,"column":54}},"21":{"start":{"line":45,"column":4},"end":{"line":47,"column":5}},"22":{"start":{"line":46,"column":6},"end":{"line":46,"column":43}},"23":{"start":{"line":49,"column":4},"end":{"line":51,"column":7}},"24":{"start":{"line":50,"column":6},"end":{"line":50,"column":34}},"25":{"start":{"line":53,"column":27},"end":{"line":53,"column":47}},"26":{"start":{"line":54,"column":4},"end":{"line":54,"column":26}},"27":{"start":{"line":56,"column":4},"end":{"line":56,"column":64}},"28":{"start":{"line":61,"column":33},"end":{"line":71,"column":1}},"29":{"start":{"line":62,"column":2},"end":{"line":70,"column":3}},"30":{"start":{"line":63,"column":19},"end":{"line":63,"column":62}},"31":{"start":{"line":64,"column":4},"end":{"line":66,"column":5}},"32":{"start":{"line":65,"column":6},"end":{"line":65,"column":43}},"33":{"start":{"line":67,"column":4},"end":{"line":67,"column":18}},"34":{"start":{"line":69,"column":4},"end":{"line":69,"column":64}}},"fnMap":{"0":{"name":"(anonymous_0)","decl":{"start":{"line":4,"column":29},"end":{"line":4,"column":30}},"loc":{"start":{"line":4,"column":48},"end":{"line":12,"column":1}},"line":4},"1":{"name":"(anonymous_1)","decl":{"start":{"line":15,"column":30},"end":{"line":15,"column":31}},"loc":{"start":{"line":15,"column":42},"end":{"line":24,"column":1}},"line":15},"2":{"name":"(anonymous_2)","decl":{"start":{"line":27,"column":30},"end":{"line":27,"column":31}},"loc":{"start":{"line":27,"column":44},"end":{"line":39,"column":1}},"line":27},"3":{"name":"(anonymous_3)","decl":{"start":{"line":42,"column":29},"end":{"line":42,"column":30}},"loc":{"start":{"line":42,"column":52},"end":{"line":58,"column":1}},"line":42},"4":{"name":"(anonymous_4)","decl":{"start":{"line":49,"column":33},"end":{"line":49,"column":34}},"loc":{"start":{"line":49,"column":42},"end":{"line":51,"column":5}},"line":49},"5":{"name":"(anonymous_5)","decl":{"start":{"line":61,"column":33},"end":{"line":61,"column":34}},"loc":{"start":{"line":61,"column":47},"end":{"line":71,"column":1}},"line":61}},"branchMap":{"0":{"loc":{"start":{"line":32,"column":4},"end":{"line":34,"column":5}},"type":"if","locations":[{"start":{"line":32,"column":4},"end":{"line":34,"column":5}},{"start":{},"end":{}}],"line":32},"1":{"loc":{"start":{"line":45,"column":4},"end":{"line":47,"column":5}},"type":"if","locations":[{"start":{"line":45,"column":4},"end":{"line":47,"column":5}},{"start":{},"end":{}}],"line":45},"2":{"loc":{"start":{"line":64,"column":4},"end":{"line":66,"column":5}},"type":"if","locations":[{"start":{"line":64,"column":4},"end":{"line":66,"column":5}},{"start":{},"end":{}}],"line":64}},"s":{"0":1,"1":1,"2":1,"3":1,"4":1,"5":0,"6":1,"7":1,"8":1,"9":1,"10":0,"11":1,"12":2,"13":2,"14":2,"15":1,"16":1,"17":1,"18":1,"19":1,"20":1,"21":1,"22":0,"23":1,"24":1,"25":1,"26":1,"27":0,"28":1,"29":1,"30":1,"31":1,"32":0,"33":1,"34":0},"f":{"0":1,"1":1,"2":2,"3":1,"4":1,"5":1},"b":{"0":[1,1],"1":[0,1],"2":[0,1]},"_coverageSchema":"1a1c01bbd47fc00a2c39e90264f33305004495a9","hash":"16007f5c984254226ad06b579009b7a886756b59"}
,"C:\\Users\\Pravir\\Code for Team\\Code_for_Team\\Models\\Booking.js": {"path":"C:\\Users\\Pravir\\Code for Team\\Code_for_Team\\Models\\Booking.js","statementMap":{"0":{"start":{"line":4,"column":22},"end":{"line":64,"column":24}},"1":{"start":{"line":50,"column":28},"end":{"line":50,"column":63}},"2":{"start":{"line":67,"column":16},"end":{"line":67,"column":56}}},"fnMap":{"0":{"name":"(anonymous_0)","decl":{"start":{"line":50,"column":14},"end":{"line":50,"column":15}},"loc":{"start":{"line":50,"column":26},"end":{"line":50,"column":65}},"line":50}},"branchMap":{},"s":{"0":1,"1":3,"2":1},"f":{"0":3},"b":{},"_coverageSchema":"1a1c01bbd47fc00a2c39e90264f33305004495a9","hash":"b5b3765d621d441143afeb5922c393ac0d83662e"}
,"C:\\Users\\Pravir\\Code for Team\\Code_for_Team\\Models\\Notification.js": {"path":"C:\\Users\\Pravir\\Code for Team\\Code_for_Team\\Models\\Notification.js","statementMap":{"0":{"start":{"line":3,"column":27},"end":{"line":17,"column":24}},"1":{"start":{"line":19,"column":21},"end":{"line":19,"column":71}}},"fnMap":{},"branchMap":{},"s":{"0":1,"1":1},"f":{},"b":{},"_coverageSchema":"1a1c01bbd47fc00a2c39e90264f33305004495a9","hash":"05a666cb602506c61a7e0982fa0928a54ebec099"}
,"C:\\Users\\Pravir\\Code for Team\\Code_for_Team\\Models\\Resourcefile.js": {"path":"C:\\Users\\Pravir\\Code for Team\\Code_for_Team\\Models\\Resourcefile.js","statementMap":{"0":{"start":{"line":3,"column":27},"end":{"line":24,"column":24}},"1":{"start":{"line":26,"column":21},"end":{"line":26,"column":71}}},"fnMap":{},"branchMap":{},"s":{"0":1,"1":1},"f":{},"b":{},"_coverageSchema":"1a1c01bbd47fc00a2c39e90264f33305004495a9","hash":"69b06a96e9d2b3b8d978a993038500a64b599a1b"}
,"C:\\Users\\Pravir\\Code for Team\\Code_for_Team\\Models\\Resources.js": {"path":"C:\\Users\\Pravir\\Code for Team\\Code_for_Team\\Models\\Resources.js","statementMap":{"0":{"start":{"line":4,"column":23},"end":{"line":25,"column":24}},"1":{"start":{"line":28,"column":17},"end":{"line":28,"column":59}}},"fnMap":{},"branchMap":{},"s":{"0":1,"1":1},"f":{},"b":{},"_coverageSchema":"1a1c01bbd47fc00a2c39e90264f33305004495a9","hash":"08d06d17246c269c0c8840af3a725978415baded"}
,"C:\\Users\\Pravir\\Code for Team\\Code_for_Team\\Models\\User.js": {"path":"C:\\Users\\Pravir\\Code for Team\\Code_for_Team\\Models\\User.js","statementMap":{"0":{"start":{"line":5,"column":19},"end":{"line":56,"column":24}},"1":{"start":{"line":59,"column":0},"end":{"line":73,"column":3}},"2":{"start":{"line":60,"column":2},"end":{"line":62,"column":3}},"3":{"start":{"line":61,"column":4},"end":{"line":61,"column":57}},"4":{"start":{"line":64,"column":2},"end":{"line":71,"column":1}},"5":{"start":{"line":65,"column":4},"end":{"line":70,"column":5}},"6":{"start":{"line":66,"column":8},"end":{"line":66,"column":34}},"7":{"start":{"line":67,"column":8},"end":{"line":67,"column":40}},"8":{"start":{"line":68,"column":11},"end":{"line":70,"column":5}},"9":{"start":{"line":69,"column":8},"end":{"line":69,"column":33}},"10":{"start":{"line":72,"column":2},"end":{"line":72,"column":9}},"11":{"start":{"line":76,"column":13},"end":{"line":76,"column":47}}},"fnMap":{"0":{"name":"(anonymous_0)","decl":{"start":{"line":59,"column":23},"end":{"line":59,"column":24}},"loc":{"start":{"line":59,"column":45},"end":{"line":73,"column":1}},"line":59}},"branchMap":{"0":{"loc":{"start":{"line":60,"column":2},"end":{"line":62,"column":3}},"type":"if","locations":[{"start":{"line":60,"column":2},"end":{"line":62,"column":3}},{"start":{},"end":{}}],"line":60},"1":{"loc":{"start":{"line":64,"column":2},"end":{"line":71,"column":1}},"type":"if","locations":[{"start":{"line":64,"column":2},"end":{"line":71,"column":1}},{"start":{},"end":{}}],"line":64},"2":{"loc":{"start":{"line":65,"column":4},"end":{"line":70,"column":5}},"type":"if","locations":[{"start":{"line":65,"column":4},"end":{"line":70,"column":5}},{"start":{"line":68,"column":11},"end":{"line":70,"column":5}}],"line":65},"3":{"loc":{"start":{"line":68,"column":11},"end":{"line":70,"column":5}},"type":"if","locations":[{"start":{"line":68,"column":11},"end":{"line":70,"column":5}},{"start":{},"end":{}}],"line":68}},"s":{"0":1,"1":1,"2":2,"3":1,"4":2,"5":1,"6":1,"7":1,"8":0,"9":0,"10":2,"11":1},"f":{"0":2},"b":{"0":[1,1],"1":[1,1],"2":[1,0],"3":[0,0]},"_coverageSchema":"1a1c01bbd47fc00a2c39e90264f33305004495a9","hash":"5d943c685bb104de031fc690c36fcf0c1a2015b3"}
,"C:\\Users\\Pravir\\Code for Team\\Code_for_Team\\Models\\VirtualTutoring.js": {"path":"C:\\Users\\Pravir\\Code for Team\\Code_for_Team\\Models\\VirtualTutoring.js","statementMap":{"0":{"start":{"line":4,"column":30},"end":{"line":33,"column":2}},"1":{"start":{"line":35,"column":23},"end":{"line":35,"column":79}}},"fnMap":{},"branchMap":{},"s":{"0":1,"1":1},"f":{},"b":{},"_coverageSchema":"1a1c01bbd47fc00a2c39e90264f33305004495a9","hash":"708c5ffccf1bb6c4ecfe280d2a45b15d2e3d8f9e"}
,"C:\\Users\\Pravir\\Code for Team\\Code_for_Team\\Routes\\Booking_Routes\\BookingR.js": {"path":"C:\\Users\\Pravir\\Code for Team\\Code_for_Team\\Routes\\Booking_Routes\\BookingR.js","statementMap":{"0":{"start":{"line":11,"column":15},"end":{"line":11,"column":31}},"1":{"start":{"line":14,"column":0},"end":{"line":21,"column":3}},"2":{"start":{"line":15,"column":2},"end":{"line":20,"column":3}},"3":{"start":{"line":16,"column":21},"end":{"line":16,"column":43}},"4":{"start":{"line":17,"column":4},"end":{"line":17,"column":35}},"5":{"start":{"line":19,"column":4},"end":{"line":19,"column":87}},"6":{"start":{"line":24,"column":0},"end":{"line":36,"column":3}},"7":{"start":{"line":25,"column":17},"end":{"line":25,"column":27}},"8":{"start":{"line":26,"column":2},"end":{"line":35,"column":3}},"9":{"start":{"line":27,"column":20},"end":{"line":27,"column":44}},"10":{"start":{"line":28,"column":4},"end":{"line":32,"column":5}},"11":{"start":{"line":29,"column":6},"end":{"line":29,"column":36}},"12":{"start":{"line":31,"column":6},"end":{"line":31,"column":61}},"13":{"start":{"line":34,"column":4},"end":{"line":34,"column":86}},"14":{"start":{"line":39,"column":0},"end":{"line":47,"column":3}},"15":{"start":{"line":40,"column":21},"end":{"line":40,"column":29}},"16":{"start":{"line":41,"column":2},"end":{"line":46,"column":3}},"17":{"start":{"line":42,"column":20},"end":{"line":42,"column":51}},"18":{"start":{"line":43,"column":4},"end":{"line":43,"column":34}},"19":{"start":{"line":45,"column":4},"end":{"line":45,"column":86}},"20":{"start":{"line":50,"column":0},"end":{"line":63,"column":3}},"21":{"start":{"line":51,"column":17},"end":{"line":51,"column":27}},"22":{"start":{"line":52,"column":18},"end":{"line":52,"column":26}},"23":{"start":{"line":53,"column":2},"end":{"line":62,"column":3}},"24":{"start":{"line":54,"column":20},"end":{"line":54,"column":52}},"25":{"start":{"line":55,"column":4},"end":{"line":59,"column":5}},"26":{"start":{"line":56,"column":6},"end":{"line":56,"column":36}},"27":{"start":{"line":58,"column":6},"end":{"line":58,"column":61}},"28":{"start":{"line":61,"column":4},"end":{"line":61,"column":86}},"29":{"start":{"line":66,"column":0},"end":{"line":79,"column":3}},"30":{"start":{"line":67,"column":17},"end":{"line":67,"column":27}},"31":{"start":{"line":68,"column":21},"end":{"line":68,"column":29}},"32":{"start":{"line":69,"column":2},"end":{"line":78,"column":3}},"33":{"start":{"line":70,"column":20},"end":{"line":70,"column":51}},"34":{"start":{"line":71,"column":4},"end":{"line":75,"column":5}},"35":{"start":{"line":72,"column":6},"end":{"line":72,"column":36}},"36":{"start":{"line":74,"column":6},"end":{"line":74,"column":61}},"37":{"start":{"line":77,"column":4},"end":{"line":77,"column":87}},"38":{"start":{"line":83,"column":0},"end":{"line":95,"column":3}},"39":{"start":{"line":84,"column":17},"end":{"line":84,"column":27}},"40":{"start":{"line":85,"column":2},"end":{"line":94,"column":3}},"41":{"start":{"line":86,"column":19},"end":{"line":86,"column":46}},"42":{"start":{"line":87,"column":4},"end":{"line":91,"column":5}},"43":{"start":{"line":88,"column":6},"end":{"line":88,"column":72}},"44":{"start":{"line":90,"column":6},"end":{"line":90,"column":61}},"45":{"start":{"line":93,"column":4},"end":{"line":93,"column":86}}},"fnMap":{"0":{"name":"(anonymous_0)","decl":{"start":{"line":14,"column":16},"end":{"line":14,"column":17}},"loc":{"start":{"line":14,"column":36},"end":{"line":21,"column":1}},"line":14},"1":{"name":"(anonymous_1)","decl":{"start":{"line":24,"column":19},"end":{"line":24,"column":20}},"loc":{"start":{"line":24,"column":39},"end":{"line":36,"column":1}},"line":24},"2":{"name":"(anonymous_2)","decl":{"start":{"line":39,"column":17},"end":{"line":39,"column":18}},"loc":{"start":{"line":39,"column":37},"end":{"line":47,"column":1}},"line":39},"3":{"name":"(anonymous_3)","decl":{"start":{"line":50,"column":19},"end":{"line":50,"column":20}},"loc":{"start":{"line":50,"column":39},"end":{"line":63,"column":1}},"line":50},"4":{"name":"(anonymous_4)","decl":{"start":{"line":66,"column":26},"end":{"line":66,"column":27}},"loc":{"start":{"line":66,"column":46},"end":{"line":79,"column":1}},"line":66},"5":{"name":"(anonymous_5)","decl":{"start":{"line":83,"column":22},"end":{"line":83,"column":23}},"loc":{"start":{"line":83,"column":42},"end":{"line":95,"column":1}},"line":83}},"branchMap":{"0":{"loc":{"start":{"line":28,"column":4},"end":{"line":32,"column":5}},"type":"if","locations":[{"start":{"line":28,"column":4},"end":{"line":32,"column":5}},{"start":{"line":30,"column":11},"end":{"line":32,"column":5}}],"line":28},"1":{"loc":{"start":{"line":55,"column":4},"end":{"line":59,"column":5}},"type":"if","locations":[{"start":{"line":55,"column":4},"end":{"line":59,"column":5}},{"start":{"line":57,"column":11},"end":{"line":59,"column":5}}],"line":55},"2":{"loc":{"start":{"line":71,"column":4},"end":{"line":75,"column":5}},"type":"if","locations":[{"start":{"line":71,"column":4},"end":{"line":75,"column":5}},{"start":{"line":73,"column":11},"end":{"line":75,"column":5}}],"line":71},"3":{"loc":{"start":{"line":87,"column":4},"end":{"line":91,"column":5}},"type":"if","locations":[{"start":{"line":87,"column":4},"end":{"line":91,"column":5}},{"start":{"line":89,"column":11},"end":{"line":91,"column":5}}],"line":87}},"s":{"0":1,"1":1,"2":1,"3":1,"4":1,"5":0,"6":1,"7":1,"8":1,"9":1,"10":1,"11":1,"12":0,"13":0,"14":1,"15":2,"16":2,"17":2,"18":2,"19":0,"20":1,"21":1,"22":1,"23":1,"24":1,"25":1,"26":1,"27":0,"28":0,"29":1,"30":0,"31":0,"32":0,"33":0,"34":0,"35":0,"36":0,"37":0,"38":1,"39":1,"40":1,"41":1,"42":1,"43":1,"44":0,"45":0},"f":{"0":1,"1":1,"2":2,"3":1,"4":0,"5":1},"b":{"0":[1,0],"1":[1,0],"2":[0,0],"3":[1,0]},"_coverageSchema":"1a1c01bbd47fc00a2c39e90264f33305004495a9","hash":"2dc712aa19da3c66b443df3b5238e66356766835"}
,"C:\\Users\\Pravir\\Code for Team\\Code_for_Team\\Routes\\Notification_Routes\\NotificationR.js": {"path":"C:\\Users\\Pravir\\Code for Team\\Code_for_Team\\Routes\\Notification_Routes\\NotificationR.js","statementMap":{"0":{"start":{"line":10,"column":15},"end":{"line":10,"column":31}},"1":{"start":{"line":13,"column":0},"end":{"line":21,"column":3}},"2":{"start":{"line":14,"column":26},"end":{"line":14,"column":34}},"3":{"start":{"line":15,"column":2},"end":{"line":20,"column":3}},"4":{"start":{"line":16,"column":25},"end":{"line":16,"column":66}},"5":{"start":{"line":17,"column":4},"end":{"line":17,"column":39}},"6":{"start":{"line":19,"column":4},"end":{"line":19,"column":91}},"7":{"start":{"line":24,"column":0},"end":{"line":35,"column":3}},"8":{"start":{"line":25,"column":17},"end":{"line":25,"column":31}},"9":{"start":{"line":26,"column":2},"end":{"line":34,"column":3}},"10":{"start":{"line":27,"column":4},"end":{"line":29,"column":5}},"11":{"start":{"line":28,"column":6},"end":{"line":28,"column":70}},"12":{"start":{"line":30,"column":26},"end":{"line":30,"column":59}},"13":{"start":{"line":31,"column":4},"end":{"line":31,"column":40}},"14":{"start":{"line":33,"column":4},"end":{"line":33,"column":92}},"15":{"start":{"line":39,"column":0},"end":{"line":51,"column":3}},"16":{"start":{"line":40,"column":17},"end":{"line":40,"column":27}},"17":{"start":{"line":41,"column":2},"end":{"line":50,"column":3}},"18":{"start":{"line":42,"column":25},"end":{"line":42,"column":54}},"19":{"start":{"line":43,"column":4},"end":{"line":47,"column":5}},"20":{"start":{"line":44,"column":6},"end":{"line":44,"column":41}},"21":{"start":{"line":46,"column":6},"end":{"line":46,"column":66}},"22":{"start":{"line":49,"column":4},"end":{"line":49,"column":91}},"23":{"start":{"line":54,"column":0},"end":{"line":66,"column":3}},"24":{"start":{"line":55,"column":17},"end":{"line":55,"column":27}},"25":{"start":{"line":56,"column":2},"end":{"line":65,"column":3}},"26":{"start":{"line":57,"column":32},"end":{"line":57,"column":64}},"27":{"start":{"line":58,"column":4},"end":{"line":62,"column":5}},"28":{"start":{"line":59,"column":6},"end":{"line":59,"column":48}},"29":{"start":{"line":61,"column":6},"end":{"line":61,"column":66}},"30":{"start":{"line":64,"column":4},"end":{"line":64,"column":91}},"31":{"start":{"line":69,"column":0},"end":{"line":81,"column":3}},"32":{"start":{"line":70,"column":17},"end":{"line":70,"column":27}},"33":{"start":{"line":71,"column":2},"end":{"line":80,"column":3}},"34":{"start":{"line":72,"column":19},"end":{"line":72,"column":51}},"35":{"start":{"line":73,"column":4},"end":{"line":77,"column":5}},"36":{"start":{"line":74,"column":6},"end":{"line":74,"column":77}},"37":{"start":{"line":76,"column":6},"end":{"line":76,"column":66}},"38":{"start":{"line":79,"column":4},"end":{"line":79,"column":91}}},"fnMap":{"0":{"name":"(anonymous_0)","decl":{"start":{"line":13,"column":17},"end":{"line":13,"column":18}},"loc":{"start":{"line":13,"column":37},"end":{"line":21,"column":1}},"line":13},"1":{"name":"(anonymous_1)","decl":{"start":{"line":24,"column":16},"end":{"line":24,"column":17}},"loc":{"start":{"line":24,"column":36},"end":{"line":35,"column":1}},"line":24},"2":{"name":"(anonymous_2)","decl":{"start":{"line":39,"column":19},"end":{"line":39,"column":20}},"loc":{"start":{"line":39,"column":39},"end":{"line":51,"column":1}},"line":39},"3":{"name":"(anonymous_3)","decl":{"start":{"line":54,"column":24},"end":{"line":54,"column":25}},"loc":{"start":{"line":54,"column":44},"end":{"line":66,"column":1}},"line":54},"4":{"name":"(anonymous_4)","decl":{"start":{"line":69,"column":22},"end":{"line":69,"column":23}},"loc":{"start":{"line":69,"column":42},"end":{"line":81,"column":1}},"line":69}},"branchMap":{"0":{"loc":{"start":{"line":27,"column":4},"end":{"line":29,"column":5}},"type":"if","locations":[{"start":{"line":27,"column":4},"end":{"line":29,"column":5}},{"start":{},"end":{}}],"line":27},"1":{"loc":{"start":{"line":43,"column":4},"end":{"line":47,"column":5}},"type":"if","locations":[{"start":{"line":43,"column":4},"end":{"line":47,"column":5}},{"start":{"line":45,"column":11},"end":{"line":47,"column":5}}],"line":43},"2":{"loc":{"start":{"line":58,"column":4},"end":{"line":62,"column":5}},"type":"if","locations":[{"start":{"line":58,"column":4},"end":{"line":62,"column":5}},{"start":{"line":60,"column":11},"end":{"line":62,"column":5}}],"line":58},"3":{"loc":{"start":{"line":73,"column":4},"end":{"line":77,"column":5}},"type":"if","locations":[{"start":{"line":73,"column":4},"end":{"line":77,"column":5}},{"start":{"line":75,"column":11},"end":{"line":77,"column":5}}],"line":73}},"s":{"0":1,"1":1,"2":0,"3":0,"4":0,"5":0,"6":0,"7":1,"8":0,"9":0,"10":0,"11":0,"12":0,"13":0,"14":0,"15":1,"16":0,"17":0,"18":0,"19":0,"20":0,"21":0,"22":0,"23":1,"24":0,"25":0,"26":0,"27":0,"28":0,"29":0,"30":0,"31":1,"32":0,"33":0,"34":0,"35":0,"36":0,"37":0,"38":0},"f":{"0":0,"1":0,"2":0,"3":0,"4":0},"b":{"0":[0,0],"1":[0,0],"2":[0,0],"3":[0,0]},"_coverageSchema":"1a1c01bbd47fc00a2c39e90264f33305004495a9","hash":"4f77b1e372c92b1b2ef74f260766a2d8567f6cb6"}
,"C:\\Users\\Pravir\\Code for Team\\Code_for_Team\\Routes\\Resource_Routes\\ResourceR.js": {"path":"C:\\Users\\Pravir\\Code for Team\\Code_for_Team\\Routes\\Resource_Routes\\ResourceR.js","statementMap":{"0":{"start":{"line":11,"column":15},"end":{"line":11,"column":31}},"1":{"start":{"line":14,"column":0},"end":{"line":21,"column":3}},"2":{"start":{"line":15,"column":2},"end":{"line":20,"column":3}},"3":{"start":{"line":16,"column":22},"end":{"line":16,"column":45}},"4":{"start":{"line":17,"column":4},"end":{"line":17,"column":36}},"5":{"start":{"line":19,"column":4},"end":{"line":19,"column":88}},"6":{"start":{"line":24,"column":0},"end":{"line":36,"column":3}},"7":{"start":{"line":25,"column":17},"end":{"line":25,"column":27}},"8":{"start":{"line":26,"column":2},"end":{"line":35,"column":3}},"9":{"start":{"line":27,"column":21},"end":{"line":27,"column":46}},"10":{"start":{"line":28,"column":4},"end":{"line":32,"column":5}},"11":{"start":{"line":29,"column":6},"end":{"line":29,"column":37}},"12":{"start":{"line":31,"column":6},"end":{"line":31,"column":62}},"13":{"start":{"line":34,"column":4},"end":{"line":34,"column":87}},"14":{"start":{"line":39,"column":0},"end":{"line":47,"column":3}},"15":{"start":{"line":40,"column":22},"end":{"line":40,"column":30}},"16":{"start":{"line":41,"column":2},"end":{"line":46,"column":3}},"17":{"start":{"line":42,"column":21},"end":{"line":42,"column":54}},"18":{"start":{"line":43,"column":4},"end":{"line":43,"column":35}},"19":{"start":{"line":45,"column":4},"end":{"line":45,"column":87}},"20":{"start":{"line":51,"column":0},"end":{"line":58,"column":3}},"21":{"start":{"line":52,"column":2},"end":{"line":57,"column":3}},"22":{"start":{"line":53,"column":24},"end":{"line":53,"column":56}},"23":{"start":{"line":54,"column":6},"end":{"line":54,"column":29}},"24":{"start":{"line":56,"column":6},"end":{"line":56,"column":90}},"25":{"start":{"line":60,"column":0},"end":{"line":73,"column":3}},"26":{"start":{"line":61,"column":17},"end":{"line":61,"column":27}},"27":{"start":{"line":62,"column":18},"end":{"line":62,"column":26}},"28":{"start":{"line":63,"column":2},"end":{"line":72,"column":3}},"29":{"start":{"line":64,"column":21},"end":{"line":64,"column":54}},"30":{"start":{"line":65,"column":4},"end":{"line":69,"column":5}},"31":{"start":{"line":66,"column":6},"end":{"line":66,"column":37}},"32":{"start":{"line":68,"column":6},"end":{"line":68,"column":62}},"33":{"start":{"line":71,"column":4},"end":{"line":71,"column":87}},"34":{"start":{"line":76,"column":0},"end":{"line":88,"column":3}},"35":{"start":{"line":77,"column":17},"end":{"line":77,"column":27}},"36":{"start":{"line":78,"column":2},"end":{"line":87,"column":3}},"37":{"start":{"line":79,"column":19},"end":{"line":79,"column":47}},"38":{"start":{"line":80,"column":4},"end":{"line":84,"column":5}},"39":{"start":{"line":81,"column":6},"end":{"line":81,"column":73}},"40":{"start":{"line":83,"column":6},"end":{"line":83,"column":62}},"41":{"start":{"line":86,"column":4},"end":{"line":86,"column":87}}},"fnMap":{"0":{"name":"(anonymous_0)","decl":{"start":{"line":14,"column":16},"end":{"line":14,"column":17}},"loc":{"start":{"line":14,"column":36},"end":{"line":21,"column":1}},"line":14},"1":{"name":"(anonymous_1)","decl":{"start":{"line":24,"column":19},"end":{"line":24,"column":20}},"loc":{"start":{"line":24,"column":39},"end":{"line":36,"column":1}},"line":24},"2":{"name":"(anonymous_2)","decl":{"start":{"line":39,"column":17},"end":{"line":39,"column":18}},"loc":{"start":{"line":39,"column":37},"end":{"line":47,"column":1}},"line":39},"3":{"name":"(anonymous_3)","decl":{"start":{"line":51,"column":28},"end":{"line":51,"column":29}},"loc":{"start":{"line":51,"column":48},"end":{"line":58,"column":1}},"line":51},"4":{"name":"(anonymous_4)","decl":{"start":{"line":60,"column":19},"end":{"line":60,"column":20}},"loc":{"start":{"line":60,"column":39},"end":{"line":73,"column":1}},"line":60},"5":{"name":"(anonymous_5)","decl":{"start":{"line":76,"column":22},"end":{"line":76,"column":23}},"loc":{"start":{"line":76,"column":42},"end":{"line":88,"column":1}},"line":76}},"branchMap":{"0":{"loc":{"start":{"line":28,"column":4},"end":{"line":32,"column":5}},"type":"if","locations":[{"start":{"line":28,"column":4},"end":{"line":32,"column":5}},{"start":{"line":30,"column":11},"end":{"line":32,"column":5}}],"line":28},"1":{"loc":{"start":{"line":65,"column":4},"end":{"line":69,"column":5}},"type":"if","locations":[{"start":{"line":65,"column":4},"end":{"line":69,"column":5}},{"start":{"line":67,"column":11},"end":{"line":69,"column":5}}],"line":65},"2":{"loc":{"start":{"line":80,"column":4},"end":{"line":84,"column":5}},"type":"if","locations":[{"start":{"line":80,"column":4},"end":{"line":84,"column":5}},{"start":{"line":82,"column":11},"end":{"line":84,"column":5}}],"line":80}},"s":{"0":1,"1":1,"2":0,"3":0,"4":0,"5":0,"6":1,"7":0,"8":0,"9":0,"10":0,"11":0,"12":0,"13":0,"14":1,"15":0,"16":0,"17":0,"18":0,"19":0,"20":1,"21":0,"22":0,"23":0,"24":0,"25":1,"26":0,"27":0,"28":0,"29":0,"30":0,"31":0,"32":0,"33":0,"34":1,"35":0,"36":0,"37":0,"38":0,"39":0,"40":0,"41":0},"f":{"0":0,"1":0,"2":0,"3":0,"4":0,"5":0},"b":{"0":[0,0],"1":[0,0],"2":[0,0]},"_coverageSchema":"1a1c01bbd47fc00a2c39e90264f33305004495a9","hash":"16ae3d2ff1f736e3c8c7b912ed4e0383d230121c"}
,"C:\\Users\\Pravir\\Code for Team\\Code_for_Team\\Routes\\Resourcefile_Routes\\ResourcefileR.js": {"path":"C:\\Users\\Pravir\\Code for Team\\Code_for_Team\\Routes\\Resourcefile_Routes\\ResourcefileR.js","statementMap":{"0":{"start":{"line":12,"column":15},"end":{"line":12,"column":31}},"1":{"start":{"line":14,"column":0},"end":{"line":21,"column":3}},"2":{"start":{"line":15,"column":2},"end":{"line":20,"column":3}},"3":{"start":{"line":16,"column":26},"end":{"line":16,"column":53}},"4":{"start":{"line":17,"column":4},"end":{"line":17,"column":40}},"5":{"start":{"line":19,"column":4},"end":{"line":19,"column":88}},"6":{"start":{"line":23,"column":0},"end":{"line":43,"column":3}},"7":{"start":{"line":24,"column":17},"end":{"line":24,"column":27}},"8":{"start":{"line":25,"column":2},"end":{"line":42,"column":3}},"9":{"start":{"line":26,"column":25},"end":{"line":26,"column":56}},"10":{"start":{"line":28,"column":4},"end":{"line":30,"column":5}},"11":{"start":{"line":29,"column":6},"end":{"line":29,"column":65}},"12":{"start":{"line":33,"column":4},"end":{"line":36,"column":7}},"13":{"start":{"line":39,"column":4},"end":{"line":39,"column":37}},"14":{"start":{"line":41,"column":4},"end":{"line":41,"column":86}},"15":{"start":{"line":45,"column":0},"end":{"line":56,"column":3}},"16":{"start":{"line":46,"column":2},"end":{"line":55,"column":3}},"17":{"start":{"line":47,"column":21},"end":{"line":47,"column":24}},"18":{"start":{"line":48,"column":33},"end":{"line":48,"column":41}},"19":{"start":{"line":50,"column":25},"end":{"line":50,"column":73}},"20":{"start":{"line":51,"column":4},"end":{"line":51,"column":39}},"21":{"start":{"line":53,"column":4},"end":{"line":53,"column":57}},"22":{"start":{"line":54,"column":4},"end":{"line":54,"column":91}},"23":{"start":{"line":59,"column":0},"end":{"line":72,"column":3}},"24":{"start":{"line":60,"column":17},"end":{"line":60,"column":27}},"25":{"start":{"line":61,"column":18},"end":{"line":61,"column":26}},"26":{"start":{"line":62,"column":2},"end":{"line":71,"column":3}},"27":{"start":{"line":63,"column":25},"end":{"line":63,"column":62}},"28":{"start":{"line":64,"column":4},"end":{"line":68,"column":5}},"29":{"start":{"line":65,"column":6},"end":{"line":65,"column":41}},"30":{"start":{"line":67,"column":6},"end":{"line":67,"column":66}},"31":{"start":{"line":70,"column":4},"end":{"line":70,"column":91}},"32":{"start":{"line":74,"column":0},"end":{"line":86,"column":3}},"33":{"start":{"line":75,"column":17},"end":{"line":75,"column":27}},"34":{"start":{"line":76,"column":2},"end":{"line":85,"column":3}},"35":{"start":{"line":77,"column":19},"end":{"line":77,"column":51}},"36":{"start":{"line":78,"column":4},"end":{"line":82,"column":5}},"37":{"start":{"line":79,"column":6},"end":{"line":79,"column":77}},"38":{"start":{"line":81,"column":6},"end":{"line":81,"column":66}},"39":{"start":{"line":84,"column":4},"end":{"line":84,"column":91}}},"fnMap":{"0":{"name":"(anonymous_0)","decl":{"start":{"line":14,"column":16},"end":{"line":14,"column":17}},"loc":{"start":{"line":14,"column":36},"end":{"line":21,"column":1}},"line":14},"1":{"name":"(anonymous_1)","decl":{"start":{"line":23,"column":19},"end":{"line":23,"column":20}},"loc":{"start":{"line":23,"column":39},"end":{"line":43,"column":1}},"line":23},"2":{"name":"(anonymous_2)","decl":{"start":{"line":45,"column":29},"end":{"line":45,"column":30}},"loc":{"start":{"line":45,"column":49},"end":{"line":56,"column":1}},"line":45},"3":{"name":"(anonymous_3)","decl":{"start":{"line":59,"column":19},"end":{"line":59,"column":20}},"loc":{"start":{"line":59,"column":39},"end":{"line":72,"column":1}},"line":59},"4":{"name":"(anonymous_4)","decl":{"start":{"line":74,"column":22},"end":{"line":74,"column":23}},"loc":{"start":{"line":74,"column":42},"end":{"line":86,"column":1}},"line":74}},"branchMap":{"0":{"loc":{"start":{"line":28,"column":4},"end":{"line":30,"column":5}},"type":"if","locations":[{"start":{"line":28,"column":4},"end":{"line":30,"column":5}},{"start":{},"end":{}}],"line":28},"1":{"loc":{"start":{"line":64,"column":4},"end":{"line":68,"column":5}},"type":"if","locations":[{"start":{"line":64,"column":4},"end":{"line":68,"column":5}},{"start":{"line":66,"column":11},"end":{"line":68,"column":5}}],"line":64},"2":{"loc":{"start":{"line":78,"column":4},"end":{"line":82,"column":5}},"type":"if","locations":[{"start":{"line":78,"column":4},"end":{"line":82,"column":5}},{"start":{"line":80,"column":11},"end":{"line":82,"column":5}}],"line":78}},"s":{"0":1,"1":1,"2":0,"3":0,"4":0,"5":0,"6":1,"7":0,"8":0,"9":0,"10":0,"11":0,"12":0,"13":0,"14":0,"15":1,"16":0,"17":0,"18":0,"19":0,"20":0,"21":0,"22":0,"23":1,"24":0,"25":0,"26":0,"27":0,"28":0,"29":0,"30":0,"31":0,"32":1,"33":0,"34":0,"35":0,"36":0,"37":0,"38":0,"39":0},"f":{"0":0,"1":0,"2":0,"3":0,"4":0},"b":{"0":[0,0],"1":[0,0],"2":[0,0]},"_coverageSchema":"1a1c01bbd47fc00a2c39e90264f33305004495a9","hash":"0077ca85265ae4befab921883932a803e93768a9"}
,"C:\\Users\\Pravir\\Code for Team\\Code_for_Team\\Routes\\User_Routes\\UserR.js": {"path":"C:\\Users\\Pravir\\Code for Team\\Code_for_Team\\Routes\\User_Routes\\UserR.js","statementMap":{"0":{"start":{"line":14,"column":15},"end":{"line":14,"column":58}},"1":{"start":{"line":15,"column":15},"end":{"line":15,"column":31}},"2":{"start":{"line":18,"column":0},"end":{"line":25,"column":3}},"3":{"start":{"line":19,"column":2},"end":{"line":24,"column":3}},"4":{"start":{"line":20,"column":18},"end":{"line":20,"column":37}},"5":{"start":{"line":21,"column":4},"end":{"line":21,"column":32}},"6":{"start":{"line":23,"column":4},"end":{"line":23,"column":84}},"7":{"start":{"line":28,"column":0},"end":{"line":40,"column":3}},"8":{"start":{"line":29,"column":17},"end":{"line":29,"column":27}},"9":{"start":{"line":30,"column":2},"end":{"line":39,"column":3}},"10":{"start":{"line":31,"column":17},"end":{"line":31,"column":38}},"11":{"start":{"line":32,"column":4},"end":{"line":36,"column":5}},"12":{"start":{"line":33,"column":6},"end":{"line":33,"column":33}},"13":{"start":{"line":35,"column":6},"end":{"line":35,"column":58}},"14":{"start":{"line":38,"column":4},"end":{"line":38,"column":83}},"15":{"start":{"line":42,"column":0},"end":{"line":57,"column":3}},"16":{"start":{"line":43,"column":2},"end":{"line":56,"column":3}},"17":{"start":{"line":44,"column":19},"end":{"line":44,"column":57}},"18":{"start":{"line":46,"column":6},"end":{"line":49,"column":7}},"19":{"start":{"line":48,"column":10},"end":{"line":48,"column":84}},"20":{"start":{"line":52,"column":6},"end":{"line":52,"column":63}},"21":{"start":{"line":53,"column":6},"end":{"line":53,"column":41}},"22":{"start":{"line":55,"column":6},"end":{"line":55,"column":96}},"23":{"start":{"line":60,"column":0},"end":{"line":89,"column":3}},"24":{"start":{"line":61,"column":19},"end":{"line":61,"column":22}},"25":{"start":{"line":62,"column":85},"end":{"line":62,"column":93}},"26":{"start":{"line":65,"column":18},"end":{"line":71,"column":3}},"27":{"start":{"line":74,"column":2},"end":{"line":79,"column":3}},"28":{"start":{"line":75,"column":4},"end":{"line":75,"column":30}},"29":{"start":{"line":76,"column":9},"end":{"line":79,"column":3}},"30":{"start":{"line":77,"column":4},"end":{"line":77,"column":32}},"31":{"start":{"line":78,"column":4},"end":{"line":78,"column":44}},"32":{"start":{"line":81,"column":2},"end":{"line":88,"column":3}},"33":{"start":{"line":83,"column":17},"end":{"line":83,"column":48}},"34":{"start":{"line":84,"column":4},"end":{"line":84,"column":31}},"35":{"start":{"line":86,"column":4},"end":{"line":86,"column":49}},"36":{"start":{"line":87,"column":4},"end":{"line":87,"column":83}},"37":{"start":{"line":92,"column":0},"end":{"line":100,"column":3}},"38":{"start":{"line":93,"column":30},"end":{"line":93,"column":38}},"39":{"start":{"line":94,"column":2},"end":{"line":99,"column":3}},"40":{"start":{"line":95,"column":34},"end":{"line":95,"column":66}},"41":{"start":{"line":96,"column":4},"end":{"line":96,"column":60}},"42":{"start":{"line":98,"column":4},"end":{"line":98,"column":76}},"43":{"start":{"line":104,"column":0},"end":{"line":121,"column":3}},"44":{"start":{"line":105,"column":17},"end":{"line":105,"column":27}},"45":{"start":{"line":106,"column":18},"end":{"line":106,"column":26}},"46":{"start":{"line":107,"column":15},"end":{"line":107,"column":23}},"47":{"start":{"line":109,"column":2},"end":{"line":120,"column":3}},"48":{"start":{"line":110,"column":17},"end":{"line":110,"column":52}},"49":{"start":{"line":112,"column":4},"end":{"line":116,"column":5}},"50":{"start":{"line":113,"column":6},"end":{"line":113,"column":33}},"51":{"start":{"line":115,"column":6},"end":{"line":115,"column":58}},"52":{"start":{"line":118,"column":4},"end":{"line":118,"column":49}},"53":{"start":{"line":119,"column":4},"end":{"line":119,"column":83}},"54":{"start":{"line":124,"column":0},"end":{"line":136,"column":3}},"55":{"start":{"line":125,"column":17},"end":{"line":125,"column":27}},"56":{"start":{"line":126,"column":2},"end":{"line":135,"column":3}},"57":{"start":{"line":127,"column":19},"end":{"line":127,"column":43}},"58":{"start":{"line":128,"column":4},"end":{"line":132,"column":5}},"59":{"start":{"line":129,"column":6},"end":{"line":129,"column":69}},"60":{"start":{"line":131,"column":6},"end":{"line":131,"column":58}},"61":{"start":{"line":134,"column":4},"end":{"line":134,"column":83}}},"fnMap":{"0":{"name":"(anonymous_0)","decl":{"start":{"line":18,"column":16},"end":{"line":18,"column":17}},"loc":{"start":{"line":18,"column":36},"end":{"line":25,"column":1}},"line":18},"1":{"name":"(anonymous_1)","decl":{"start":{"line":28,"column":19},"end":{"line":28,"column":20}},"loc":{"start":{"line":28,"column":39},"end":{"line":40,"column":1}},"line":28},"2":{"name":"(anonymous_2)","decl":{"start":{"line":42,"column":39},"end":{"line":42,"column":40}},"loc":{"start":{"line":42,"column":59},"end":{"line":57,"column":1}},"line":42},"3":{"name":"(anonymous_3)","decl":{"start":{"line":60,"column":50},"end":{"line":60,"column":51}},"loc":{"start":{"line":60,"column":70},"end":{"line":89,"column":1}},"line":60},"4":{"name":"(anonymous_4)","decl":{"start":{"line":92,"column":22},"end":{"line":92,"column":23}},"loc":{"start":{"line":92,"column":42},"end":{"line":100,"column":1}},"line":92},"5":{"name":"(anonymous_5)","decl":{"start":{"line":104,"column":52},"end":{"line":104,"column":53}},"loc":{"start":{"line":104,"column":72},"end":{"line":121,"column":1}},"line":104},"6":{"name":"(anonymous_6)","decl":{"start":{"line":124,"column":22},"end":{"line":124,"column":23}},"loc":{"start":{"line":124,"column":42},"end":{"line":136,"column":1}},"line":124}},"branchMap":{"0":{"loc":{"start":{"line":32,"column":4},"end":{"line":36,"column":5}},"type":"if","locations":[{"start":{"line":32,"column":4},"end":{"line":36,"column":5}},{"start":{"line":34,"column":11},"end":{"line":36,"column":5}}],"line":32},"1":{"loc":{"start":{"line":46,"column":6},"end":{"line":49,"column":7}},"type":"if","locations":[{"start":{"line":46,"column":6},"end":{"line":49,"column":7}},{"start":{},"end":{}}],"line":46},"2":{"loc":{"start":{"line":46,"column":10},"end":{"line":46,"column":68}},"type":"binary-expr","locations":[{"start":{"line":46,"column":10},"end":{"line":46,"column":15}},{"start":{"line":46,"column":19},"end":{"line":46,"column":39}},{"start":{"line":46,"column":43},"end":{"line":46,"column":68}}],"line":46},"3":{"loc":{"start":{"line":74,"column":2},"end":{"line":79,"column":3}},"type":"if","locations":[{"start":{"line":74,"column":2},"end":{"line":79,"column":3}},{"start":{"line":76,"column":9},"end":{"line":79,"column":3}}],"line":74},"4":{"loc":{"start":{"line":76,"column":9},"end":{"line":79,"column":3}},"type":"if","locations":[{"start":{"line":76,"column":9},"end":{"line":79,"column":3}},{"start":{},"end":{}}],"line":76},"5":{"loc":{"start":{"line":112,"column":4},"end":{"line":116,"column":5}},"type":"if","locations":[{"start":{"line":112,"column":4},"end":{"line":116,"column":5}},{"start":{"line":114,"column":11},"end":{"line":116,"column":5}}],"line":112},"6":{"loc":{"start":{"line":128,"column":4},"end":{"line":132,"column":5}},"type":"if","locations":[{"start":{"line":128,"column":4},"end":{"line":132,"column":5}},{"start":{"line":130,"column":11},"end":{"line":132,"column":5}}],"line":128}},"s":{"0":1,"1":1,"2":1,"3":1,"4":1,"5":1,"6":0,"7":1,"8":2,"9":2,"10":2,"11":1,"12":1,"13":0,"14":1,"15":1,"16":0,"17":0,"18":0,"19":0,"20":0,"21":0,"22":0,"23":1,"24":1,"25":1,"26":1,"27":1,"28":1,"29":0,"30":0,"31":0,"32":1,"33":1,"34":1,"35":0,"36":0,"37":1,"38":1,"39":1,"40":1,"41":0,"42":1,"43":1,"44":1,"45":1,"46":1,"47":1,"48":1,"49":1,"50":1,"51":0,"52":0,"53":0,"54":1,"55":1,"56":1,"57":1,"58":1,"59":1,"60":0,"61":0},"f":{"0":1,"1":2,"2":0,"3":1,"4":1,"5":1,"6":1},"b":{"0":[1,0],"1":[0,0],"2":[0,0,0],"3":[1,0],"4":[0,0],"5":[1,0],"6":[1,0]},"_coverageSchema":"1a1c01bbd47fc00a2c39e90264f33305004495a9","hash":"db40eb8b3d10e44869dcd886771bf7eedaa92b85"}
,"C:\\Users\\Pravir\\Code for Team\\Code_for_Team\\Routes\\VirtualTutoring_Routes\\VirtualTutoringR.js": {"path":"C:\\Users\\Pravir\\Code for Team\\Code_for_Team\\Routes\\VirtualTutoring_Routes\\VirtualTutoringR.js","statementMap":{"0":{"start":{"line":10,"column":15},"end":{"line":10,"column":31}},"1":{"start":{"line":12,"column":0},"end":{"line":19,"column":3}},"2":{"start":{"line":13,"column":2},"end":{"line":18,"column":3}},"3":{"start":{"line":14,"column":21},"end":{"line":14,"column":43}},"4":{"start":{"line":15,"column":4},"end":{"line":15,"column":35}},"5":{"start":{"line":17,"column":4},"end":{"line":17,"column":87}},"6":{"start":{"line":22,"column":0},"end":{"line":34,"column":3}},"7":{"start":{"line":23,"column":17},"end":{"line":23,"column":27}},"8":{"start":{"line":24,"column":2},"end":{"line":33,"column":3}},"9":{"start":{"line":25,"column":20},"end":{"line":25,"column":44}},"10":{"start":{"line":26,"column":4},"end":{"line":30,"column":5}},"11":{"start":{"line":27,"column":6},"end":{"line":27,"column":36}},"12":{"start":{"line":29,"column":6},"end":{"line":29,"column":61}},"13":{"start":{"line":32,"column":4},"end":{"line":32,"column":86}},"14":{"start":{"line":36,"column":0},"end":{"line":44,"column":3}},"15":{"start":{"line":37,"column":21},"end":{"line":37,"column":29}},"16":{"start":{"line":38,"column":2},"end":{"line":43,"column":3}},"17":{"start":{"line":39,"column":20},"end":{"line":39,"column":51}},"18":{"start":{"line":40,"column":4},"end":{"line":40,"column":34}},"19":{"start":{"line":42,"column":4},"end":{"line":42,"column":86}},"20":{"start":{"line":47,"column":0},"end":{"line":60,"column":3}},"21":{"start":{"line":48,"column":17},"end":{"line":48,"column":27}},"22":{"start":{"line":49,"column":18},"end":{"line":49,"column":26}},"23":{"start":{"line":50,"column":2},"end":{"line":59,"column":3}},"24":{"start":{"line":51,"column":20},"end":{"line":51,"column":52}},"25":{"start":{"line":52,"column":4},"end":{"line":56,"column":5}},"26":{"start":{"line":53,"column":6},"end":{"line":53,"column":36}},"27":{"start":{"line":55,"column":6},"end":{"line":55,"column":61}},"28":{"start":{"line":58,"column":4},"end":{"line":58,"column":86}},"29":{"start":{"line":63,"column":0},"end":{"line":75,"column":3}},"30":{"start":{"line":64,"column":17},"end":{"line":64,"column":27}},"31":{"start":{"line":65,"column":2},"end":{"line":74,"column":3}},"32":{"start":{"line":66,"column":19},"end":{"line":66,"column":46}},"33":{"start":{"line":67,"column":4},"end":{"line":71,"column":5}},"34":{"start":{"line":68,"column":6},"end":{"line":68,"column":72}},"35":{"start":{"line":70,"column":6},"end":{"line":70,"column":61}},"36":{"start":{"line":73,"column":4},"end":{"line":73,"column":86}}},"fnMap":{"0":{"name":"(anonymous_0)","decl":{"start":{"line":12,"column":16},"end":{"line":12,"column":17}},"loc":{"start":{"line":12,"column":36},"end":{"line":19,"column":1}},"line":12},"1":{"name":"(anonymous_1)","decl":{"start":{"line":22,"column":19},"end":{"line":22,"column":20}},"loc":{"start":{"line":22,"column":39},"end":{"line":34,"column":1}},"line":22},"2":{"name":"(anonymous_2)","decl":{"start":{"line":36,"column":17},"end":{"line":36,"column":18}},"loc":{"start":{"line":36,"column":37},"end":{"line":44,"column":1}},"line":36},"3":{"name":"(anonymous_3)","decl":{"start":{"line":47,"column":19},"end":{"line":47,"column":20}},"loc":{"start":{"line":47,"column":39},"end":{"line":60,"column":1}},"line":47},"4":{"name":"(anonymous_4)","decl":{"start":{"line":63,"column":22},"end":{"line":63,"column":23}},"loc":{"start":{"line":63,"column":42},"end":{"line":75,"column":1}},"line":63}},"branchMap":{"0":{"loc":{"start":{"line":26,"column":4},"end":{"line":30,"column":5}},"type":"if","locations":[{"start":{"line":26,"column":4},"end":{"line":30,"column":5}},{"start":{"line":28,"column":11},"end":{"line":30,"column":5}}],"line":26},"1":{"loc":{"start":{"line":52,"column":4},"end":{"line":56,"column":5}},"type":"if","locations":[{"start":{"line":52,"column":4},"end":{"line":56,"column":5}},{"start":{"line":54,"column":11},"end":{"line":56,"column":5}}],"line":52},"2":{"loc":{"start":{"line":67,"column":4},"end":{"line":71,"column":5}},"type":"if","locations":[{"start":{"line":67,"column":4},"end":{"line":71,"column":5}},{"start":{"line":69,"column":11},"end":{"line":71,"column":5}}],"line":67}},"s":{"0":1,"1":1,"2":1,"3":1,"4":1,"5":0,"6":1,"7":2,"8":2,"9":2,"10":1,"11":1,"12":0,"13":1,"14":1,"15":1,"16":1,"17":1,"18":1,"19":0,"20":1,"21":1,"22":1,"23":1,"24":1,"25":1,"26":1,"27":0,"28":0,"29":1,"30":1,"31":1,"32":1,"33":1,"34":1,"35":0,"36":0},"f":{"0":1,"1":2,"2":1,"3":1,"4":1},"b":{"0":[1,0],"1":[1,0],"2":[1,0]},"_coverageSchema":"1a1c01bbd47fc00a2c39e90264f33305004495a9","hash":"e8bc071f9f1c18033921bda8810e15a7e039ce98"}
}
